<?xml version="1.0" encoding="UTF-8"?>
<testng-results ignored="0" total="1" passed="1" failed="0" skipped="0">
  <reporter-output>
  </reporter-output>
  <suite started-at="2023-05-27T18:02:20 IST" name="Default suite" finished-at="2023-05-27T18:02:20 IST" duration-ms="89">
    <groups>
    </groups>
    <test started-at="2023-05-27T18:02:20 IST" name="Default test" finished-at="2023-05-27T18:02:20 IST" duration-ms="89">
      <class name="Java_Project.ReverseNumber">
        <test-method signature="numberReverse()[pri:0, instance:Java_Project.ReverseNumber@5fbdfdcf]" started-at="2023-05-27T18:02:20 IST" name="numberReverse" finished-at="2023-05-27T18:02:20 IST" duration-ms="14" status="PASS">
          <reporter-output>
          </reporter-output>
        </test-method> <!-- numberReverse -->
      </class> <!-- Java_Project.ReverseNumber -->
    </test> <!-- Default test -->
  </suite> <!-- Default suite -->
</testng-results>
